<?xml version="1.0" encoding="UTF-8"?>
<!-- Generated by org.testng.reporters.JUnitReportReporter -->
<testsuite skipped="0" hostname="DL-M5570-T1" name="com.edu.base.BaseSetup" tests="1" failures="0" timestamp="2021-03-18T19:38:16 IST" time="42.436" errors="0">
  <testcase name="login" time="42.436" classname="com.edu.base.BaseSetup"/>
</testsuite> <!-- com.edu.base.BaseSetup -->
